21:45:13 - [INFO!] - Command Loaded: LATENCY
21:45:13 - [INFO!] - Command Loaded: PING
21:45:13 - [INFO!] - Command Loaded: SLIST
21:45:13 - [INFO!] - Event Success: CHANNELCREATE
21:45:13 - [INFO!] - Event Success: CHANNELDELETE
21:45:13 - [INFO!] - Event Success: CHANNELUPDATE
21:45:13 - [INFO!] - Event Success: DEBUG
21:45:13 - [INFO!] - Event Success: EMOJICREATE
21:45:13 - [INFO!] - Event Success: EMOJIDELETE
21:45:13 - [INFO!] - Event Success: EMOJIUPDATE
21:45:13 - [INFO!] - Event Success: ERROR
21:45:13 - [INFO!] - Event Success: GUILDBANADD
21:45:13 - [INFO!] - Event Success: GUILDCREATE
21:45:13 - [INFO!] - Event Success: GUILDDELETE
21:45:13 - [INFO!] - Event Success: GUILDMEMBERREMOVE
21:45:13 - [INFO!] - Event Success: GUILDUPDATE
21:45:13 - [INFO!] - Event Success: INTERACTIONCREATE
21:45:13 - [INFO!] - Event Success: MESSAGECREATE
21:45:13 - [INFO!] - Event Success: READY
21:45:13 - [INFO!] - Event Success: ROLECREATE
21:45:13 - [INFO!] - Event Success: ROLEDELETE
21:45:13 - [INFO!] - Event Success: ROLEUPDATE
21:45:13 - [INFO!] - Event Success: WARN
21:45:13 - [INFO!] - Event Success: WEBHOOKCREATE
21:45:13 - [INFO!] - Provided token: OTU3MzE3MDkxMTQ3NTM4NDkz.GwPHdZ.**************************************
21:45:13 - [INFO!] - Preparing to connect to the gateway...
21:45:13 - [INFO!] - [WS => Manager] Fetched Gateway Information
    URL: wss://gateway.discord.gg
    Recommended Shards: 1
21:45:13 - [INFO!] - [WS => Manager] Session Limit Information
    Total: 1000
    Remaining: 996
21:45:13 - [INFO!] - [WS => Manager] Using the recommended shard count provided by Discord: 1
21:45:13 - [INFO!] - [WS => Manager] Spawning shards: 0
21:45:13 - [INFO!] - [WS => Shard 0] [CONNECT]
    Gateway    : wss://gateway.discord.gg/
    Version    : 10
    Encoding   : json
    Compression: none
21:45:13 - [INFO!] - [WS => Shard 0] Setting a HELLO timeout for 20s.
21:45:13 - [INFO!] - 3 (/) commands registered globally.
21:45:13 - [INFO!] - [WS => Shard 0] [CONNECTED] Took 727ms
21:45:13 - [INFO!] - [WS => Shard 0] Clearing the HELLO timeout.
21:45:13 - [INFO!] - [WS => Shard 0] Setting a heartbeat interval for 41250ms.
21:45:13 - [INFO!] - [WS => Shard 0] [IDENTIFY] Shard 0/1 with intents: 839
21:45:13 - [INFO!] - [WS => Shard 0] [READY] Session c9a522dc02d6d86f6f2d13eb5a52b424.
21:45:13 - [INFO!] - [WS => Shard 0] [ReadyHeartbeat] Sending a heartbeat.
21:45:13 - [INFO!] - [WS => Shard 0] Shard received all its guilds. Marking as fully ready.
21:45:13 - [INFO!] - Online: Universal™#0597
21:45:13 - [INFO!] - [WS => Shard 0] Heartbeat acknowledged, latency of 4579ms.
21:45:13 - [INFO!] - [WS => Shard 0] [HeartbeatTimer] Sending a heartbeat.
21:45:13 - [INFO!] - [WS => Shard 0] Heartbeat acknowledged, latency of 418ms.
